#
# There is insufficient memory for the Java Runtime Environment to continue.
# Native memory allocation (malloc) failed to allocate 1082416 bytes for Chunk::new
# Possible reasons:
#   The system is out of physical RAM or swap space
#   In 32 bit mode, the process size limit was hit
# Possible solutions:
#   Reduce memory load on the system
#   Increase physical memory or swap space
#   Check if swap backing store is full
#   Use 64 bit Java on a 64 bit OS
#   Decrease Java heap size (-Xmx/-Xms)
#   Decrease number of Java threads
#   Decrease Java thread stack sizes (-Xss)
#   Set larger code cache with -XX:ReservedCodeCacheSize=
# This output file may be truncated or incomplete.
#
#  Out of Memory Error (allocation.cpp:390), pid=6864, tid=0x0000000000001268
#
# JRE version: OpenJDK Runtime Environment (8.0_152-b01) (build 1.8.0_152-release-915-b01)
# Java VM: OpenJDK 64-Bit Server VM (25.152-b01 mixed mode windows-amd64 compressed oops)
# Failed to write core dump. Minidumps are not enabled by default on client versions of Windows
#

---------------  T H R E A D  ---------------

Current thread (0x0000000016098000):  JavaThread "C2 CompilerThread0" daemon [_thread_in_native, id=4712, stack(0x00000000176f0000,0x00000000177f0000)]

Stack: [0x00000000176f0000,0x00000000177f0000]
[error occurred during error reporting (printing stack bounds), id 0xc0000005]

Native frames: (J=compiled Java code, j=interpreted, Vv=VM code, C=native code)


Current CompileTask:
C2: 309626 14825       4       com.android.dx.dex.code.OutputFinisher::addConstants (134 bytes)


---------------  P R O C E S S  ---------------

Java Threads: ( => current thread )
  0x000000001c727800 JavaThread "ForkJoinPool.commonPool-worker-1" daemon [_thread_in_Java, id=852, stack(0x00000000295d0000,0x00000000296d0000)]
  0x000000001c729000 JavaThread "ForkJoinPool.commonPool-worker-0" daemon [_thread_in_Java, id=5580, stack(0x00000000294d0000,0x00000000295d0000)]
  0x000000001c722800 JavaThread "ForkJoinPool.commonPool-worker-3" daemon [_thread_in_Java, id=6800, stack(0x00000000293d0000,0x00000000294d0000)]
  0x000000001c727000 JavaThread "ForkJoinPool.commonPool-worker-2" daemon [_thread_in_Java, id=4716, stack(0x00000000292d0000,0x00000000293d0000)]
  0x0000000021dba800 JavaThread "Cache worker for Java compile cache (D:\AndroidStudioProjects\CashBook3\.gradle\4.1\javaCompile)" [_thread_blocked, id=3772, stack(0x0000000028fd0000,0x00000000290d0000)]
  0x0000000021db9800 JavaThread "RMI TCP Connection(idle)" daemon [_thread_blocked, id=4848, stack(0x0000000028ed0000,0x0000000028fd0000)]
  0x0000000021db4800 JavaThread "RMI Reaper" [_thread_blocked, id=3004, stack(0x0000000028dd0000,0x0000000028ed0000)]
  0x0000000021db8000 JavaThread "RMI TCP Accept-0" daemon [_thread_in_native, id=4076, stack(0x0000000028cd0000,0x0000000028dd0000)]
  0x0000000021db3800 JavaThread "GC Daemon" daemon [_thread_blocked, id=8160, stack(0x0000000028bd0000,0x0000000028cd0000)]
  0x000000001bb2f000 JavaThread "RMI Scheduler(0)" daemon [_thread_blocked, id=680, stack(0x00000000289d0000,0x0000000028ad0000)]
  0x000000001bb2c800 JavaThread "Task worker for ':' Thread 3" [_thread_blocked, id=6720, stack(0x00000000287d0000,0x00000000288d0000)]
  0x000000001bb2c000 JavaThread "Task worker for ':' Thread 2" [_thread_blocked, id=3408, stack(0x00000000286d0000,0x00000000287d0000)]
  0x000000001bb30800 JavaThread "Task worker for ':'" [_thread_blocked, id=8568, stack(0x00000000285d0000,0x00000000286d0000)]
  0x000000001bb2b000 JavaThread "Cache worker for task history cache (D:\AndroidStudioProjects\CashBook3\.gradle\4.1\taskHistory)" [_thread_blocked, id=7088, stack(0x00000000284d0000,0x00000000285d0000)]
  0x000000001bb2a800 JavaThread "Cache worker for file content cache (D:\AndroidStudioProjects\CashBook3\.gradle\4.1\fileContent)" [_thread_blocked, id=4544, stack(0x00000000283d0000,0x00000000284d0000)]
  0x000000001bb2f800 JavaThread "build operations Thread 4" [_thread_blocked, id=5440, stack(0x00000000282d0000,0x00000000283d0000)]
  0x000000001bb2e000 JavaThread "build operations Thread 3" [_thread_blocked, id=8944, stack(0x00000000281d0000,0x00000000282d0000)]
  0x000000001bb23000 JavaThread "build operations Thread 2" [_thread_blocked, id=6840, stack(0x00000000280d0000,0x00000000281d0000)]
  0x000000001bb29800 JavaThread "build operations" [_thread_blocked, id=3780, stack(0x0000000027fd0000,0x00000000280d0000)]
  0x000000001bb22000 JavaThread "Cache worker for Artifact transforms cache (C:\Users\zeesh\.gradle\caches\transforms-1)" [_thread_blocked, id=5092, stack(0x0000000027ed0000,0x0000000027fd0000)]
  0x000000001bb26800 JavaThread "Cache worker for file hash cache (D:\AndroidStudioProjects\CashBook3\.gradle\4.1\fileHashes)" [_thread_blocked, id=2896, stack(0x0000000027dd0000,0x0000000027ed0000)]
  0x000000001bb29000 JavaThread "Asynchronous log dispatcher for DefaultDaemonConnection: socket connection from /127.0.0.1:5008 to /127.0.0.1:5029" [_thread_blocked, id=5800, stack(0x0000000027bd0000,0x0000000027cd0000)]
  0x000000001bb21800 JavaThread "Daemon worker Thread 2" [_thread_blocked, id=6836, stack(0x0000000027ad0000,0x0000000027bd0000)]
  0x000000001bb28000 JavaThread "Cancel handler" [_thread_blocked, id=8764, stack(0x00000000279d0000,0x0000000027ad0000)]
  0x000000001bb27800 JavaThread "Handler for socket connection from /127.0.0.1:5008 to /127.0.0.1:5029" [_thread_in_native, id=2460, stack(0x00000000278d0000,0x00000000279d0000)]
  0x000000001bb26000 JavaThread "Daemon Thread 2" [_thread_blocked, id=5308, stack(0x00000000277d0000,0x00000000278d0000)]
  0x000000001bb25000 JavaThread "Java2D Disposer" daemon [_thread_blocked, id=944, stack(0x0000000025fd0000,0x00000000260d0000)]
  0x000000001c723000 JavaThread "Memory manager" [_thread_blocked, id=8940, stack(0x00000000208a0000,0x00000000209a0000)]
  0x00000000194f6800 JavaThread "File lock request listener" [_thread_in_native, id=1708, stack(0x000000001a8e0000,0x000000001a9e0000)]
  0x000000001917b800 JavaThread "Cache worker for file hash cache (C:\Users\zeesh\.gradle\caches\4.1\fileHashes)" [_thread_blocked, id=8004, stack(0x000000001a7e0000,0x000000001a8e0000)]
  0x000000001908f800 JavaThread "Daemon periodic checks" [_thread_blocked, id=8064, stack(0x0000000019ee0000,0x0000000019fe0000)]
  0x0000000018f10800 JavaThread "Incoming local TCP Connector on port 5008" [_thread_in_native, id=6708, stack(0x0000000019d00000,0x0000000019e00000)]
  0x00000000160fe000 JavaThread "Service Thread" daemon [_thread_blocked, id=4744, stack(0x0000000017df0000,0x0000000017ef0000)]
  0x00000000160a0000 JavaThread "C1 CompilerThread2" daemon [_thread_blocked, id=5764, stack(0x00000000178f0000,0x00000000179f0000)]
  0x000000001609c800 JavaThread "C2 CompilerThread1" daemon [_thread_in_native, id=8284, stack(0x00000000177f0000,0x00000000178f0000)]
=>0x0000000016098000 JavaThread "C2 CompilerThread0" daemon [_thread_in_native, id=4712, stack(0x00000000176f0000,0x00000000177f0000)]
  0x00000000160a6000 JavaThread "Attach Listener" daemon [_thread_blocked, id=6272, stack(0x00000000175f0000,0x00000000176f0000)]
  0x00000000160a5000 JavaThread "Signal Dispatcher" daemon [_thread_blocked, id=7384, stack(0x00000000174f0000,0x00000000175f0000)]
  0x000000000272c000 JavaThread "Finalizer" daemon [_thread_blocked, id=8716, stack(0x0000000017300000,0x0000000017400000)]
  0x0000000002721000 JavaThread "Reference Handler" daemon [_thread_blocked, id=768, stack(0x0000000017200000,0x0000000017300000)]
  0x000000000262d800 JavaThread "main" [_thread_blocked, id=5592, stack(0x00000000024e0000,0x00000000025e0000)]

Other Threads:
  0x0000000016065800 VMThread [stack: 0x0000000017100000,0x0000000017200000] [id=7672]
  0x0000000017a10800 WatcherThread [stack: 0x0000000017ef0000,0x0000000017ff0000] [id=7480]

VM state:not at safepoint (normal execution)

VM Mutex/Monitor currently owned by a thread: None

Heap:
 PSYoungGen      total 204288K, used 54272K [0x00000000e0000000, 0x00000000edf00000, 0x0000000100000000)
  eden space 180224K, 20% used [0x00000000e0000000,0x00000000e24b0018,0x00000000eb000000)
  from space 24064K, 69% used [0x00000000eb000000,0x00000000ec050268,0x00000000ec780000)
  to   space 19968K, 0% used [0x00000000ecb80000,0x00000000ecb80000,0x00000000edf00000)
 ParOldGen       total 102912K, used 65100K [0x00000000a0000000, 0x00000000a6480000, 0x00000000e0000000)
  object space 102912K, 63% used [0x00000000a0000000,0x00000000a3f93048,0x00000000a6480000)
 Metaspace       used 83453K, capacity 87164K, committed 87296K, reserved 1124352K
  class space    used 10750K, capacity 11649K, committed 11776K, reserved 1048576K

Card table byte_map: [0x0000000011af0000,0x0000000011e00000] byte_map_base: 0x00000000115f0000

Marking Bits: (ParMarkBitMap*) 0x0000000071e33950
 Begin Bits: [0x0000000012400000, 0x0000000013c00000)
 End Bits:   [0x0000000013c00000, 0x0000000015400000)

Polling page: 0x0000000000f30000

CodeCache: size=245760Kb used=44699Kb max_used=44699Kb free=201060Kb
 bounds [0x0000000002730000, 0x0000000005310000, 0x0000000011730000]
 total_blobs=13831 nmethods=12860 adapters=882
 compilation: enabled

Compilation events (10 events):
Event: 309.519 Thread 0x00000000160a0000 nmethod 15413 0x0000000005300b10 code [0x0000000005300d80, 0x0000000005301948]
Event: 309.519 Thread 0x00000000160a0000 15416       2       com.android.dx.cf.code.ConcreteMethod::<init> (15 bytes)
Event: 309.520 Thread 0x00000000160a0000 nmethod 15416 0x0000000005302910 code [0x0000000005302aa0, 0x0000000005302d68]
Event: 309.520 Thread 0x00000000160a0000 15417   !   2       com.android.dx.cf.code.Ropper::convert (59 bytes)
Event: 309.521 Thread 0x00000000160a0000 nmethod 15417 0x0000000005302fd0 code [0x00000000053031a0, 0x0000000005303668]
Event: 309.521 Thread 0x00000000160a0000 15420   !   2       com.android.dx.cf.code.BasicBlocker::doit (156 bytes)
Event: 309.523 Thread 0x00000000160a0000 nmethod 15420 0x0000000005303a50 code [0x0000000005303c20, 0x00000000053042d8]
Event: 309.523 Thread 0x00000000160a0000 15423       2       com.android.dx.dex.code.OutputCollector::appendSuffixToOutput (45 bytes)
Event: 309.524 Thread 0x00000000160a0000 nmethod 15423 0x0000000005304c90 code [0x0000000005304e40, 0x00000000053052f8]
Event: 309.524 Thread 0x00000000160a0000 15418       2       com.android.dx.cf.code.Ropper::<init> (215 bytes)

GC Heap History (10 events):
Event: 71.887 GC heap before
{Heap before GC invocations=24 (full 3):
 PSYoungGen      total 176640K, used 168950K [0x00000000e0000000, 0x00000000ec800000, 0x0000000100000000)
  eden space 156672K, 100% used [0x00000000e0000000,0x00000000e9900000,0x00000000e9900000)
  from space 19968K, 61% used [0x00000000eb480000,0x00000000ec07d880,0x00000000ec800000)
  to   space 24064K, 0% used [0x00000000e9900000,0x00000000e9900000,0x00000000eb080000)
 ParOldGen       total 102912K, used 52478K [0x00000000a0000000, 0x00000000a6480000, 0x00000000e0000000)
  object space 102912K, 50% used [0x00000000a0000000,0x00000000a333fb40,0x00000000a6480000)
 Metaspace       used 71895K, capacity 75120K, committed 75264K, reserved 1114112K
  class space    used 9471K, capacity 10237K, committed 10240K, reserved 1048576K
Event: 71.922 GC heap after
Heap after GC invocations=24 (full 3):
 PSYoungGen      total 180736K, used 3874K [0x00000000e0000000, 0x00000000ee300000, 0x0000000100000000)
  eden space 156672K, 0% used [0x00000000e0000000,0x00000000e0000000,0x00000000e9900000)
  from space 24064K, 16% used [0x00000000e9900000,0x00000000e9cc8818,0x00000000eb080000)
  to   space 24064K, 0% used [0x00000000ecb80000,0x00000000ecb80000,0x00000000ee300000)
 ParOldGen       total 102912K, used 56566K [0x00000000a0000000, 0x00000000a6480000, 0x00000000e0000000)
  object space 102912K, 54% used [0x00000000a0000000,0x00000000a373dbb0,0x00000000a6480000)
 Metaspace       used 71895K, capacity 75120K, committed 75264K, reserved 1114112K
  class space    used 9471K, capacity 10237K, committed 10240K, reserved 1048576K
}
Event: 233.421 GC heap before
{Heap before GC invocations=25 (full 3):
 PSYoungGen      total 180736K, used 160546K [0x00000000e0000000, 0x00000000ee300000, 0x0000000100000000)
  eden space 156672K, 100% used [0x00000000e0000000,0x00000000e9900000,0x00000000e9900000)
  from space 24064K, 16% used [0x00000000e9900000,0x00000000e9cc8818,0x00000000eb080000)
  to   space 24064K, 0% used [0x00000000ecb80000,0x00000000ecb80000,0x00000000ee300000)
 ParOldGen       total 102912K, used 56566K [0x00000000a0000000, 0x00000000a6480000, 0x00000000e0000000)
  object space 102912K, 54% used [0x00000000a0000000,0x00000000a373dbb0,0x00000000a6480000)
 Metaspace       used 72378K, capacity 75690K, committed 75904K, reserved 1114112K
  class space    used 9521K, capacity 10358K, committed 10368K, reserved 1048576K
Event: 233.438 GC heap after
Heap after GC invocations=25 (full 3):
 PSYoungGen      total 200192K, used 3408K [0x00000000e0000000, 0x00000000edf00000, 0x0000000100000000)
  eden space 180224K, 0% used [0x00000000e0000000,0x00000000e0000000,0x00000000eb000000)
  from space 19968K, 17% used [0x00000000ecb80000,0x00000000eced4040,0x00000000edf00000)
  to   space 24064K, 0% used [0x00000000eb000000,0x00000000eb000000,0x00000000ec780000)
 ParOldGen       total 102912K, used 56574K [0x00000000a0000000, 0x00000000a6480000, 0x00000000e0000000)
  object space 102912K, 54% used [0x00000000a0000000,0x00000000a373fbb0,0x00000000a6480000)
 Metaspace       used 72378K, capacity 75690K, committed 75904K, reserved 1114112K
  class space    used 9521K, capacity 10358K, committed 10368K, reserved 1048576K
}
Event: 260.183 GC heap before
{Heap before GC invocations=26 (full 3):
 PSYoungGen      total 200192K, used 183632K [0x00000000e0000000, 0x00000000edf00000, 0x0000000100000000)
  eden space 180224K, 100% used [0x00000000e0000000,0x00000000eb000000,0x00000000eb000000)
  from space 19968K, 17% used [0x00000000ecb80000,0x00000000eced4040,0x00000000edf00000)
  to   space 24064K, 0% used [0x00000000eb000000,0x00000000eb000000,0x00000000ec780000)
 ParOldGen       total 102912K, used 56574K [0x00000000a0000000, 0x00000000a6480000, 0x00000000e0000000)
  object space 102912K, 54% used [0x00000000a0000000,0x00000000a373fbb0,0x00000000a6480000)
 Metaspace       used 79721K, capacity 83350K, committed 83584K, reserved 1122304K
  class space    used 10397K, capacity 11298K, committed 11392K, reserved 1048576K
Event: 260.229 GC heap after
Heap after GC invocations=26 (full 3):
 PSYoungGen      total 204288K, used 13637K [0x00000000e0000000, 0x00000000edf00000, 0x0000000100000000)
  eden space 180224K, 0% used [0x00000000e0000000,0x00000000e0000000,0x00000000eb000000)
  from space 24064K, 56% used [0x00000000eb000000,0x00000000ebd51678,0x00000000ec780000)
  to   space 19968K, 0% used [0x00000000ecb80000,0x00000000ecb80000,0x00000000edf00000)
 ParOldGen       total 102912K, used 56582K [0x00000000a0000000, 0x00000000a6480000, 0x00000000e0000000)
  object space 102912K, 54% used [0x00000000a0000000,0x00000000a3741bb0,0x00000000a6480000)
 Metaspace       used 79721K, capacity 83350K, committed 83584K, reserved 1122304K
  class space    used 10397K, capacity 11298K, committed 11392K, reserved 1048576K
}
Event: 308.838 GC heap before
{Heap before GC invocations=27 (full 3):
 PSYoungGen      total 204288K, used 193861K [0x00000000e0000000, 0x00000000edf00000, 0x0000000100000000)
  eden space 180224K, 100% used [0x00000000e0000000,0x00000000eb000000,0x00000000eb000000)
  from space 24064K, 56% used [0x00000000eb000000,0x00000000ebd51678,0x00000000ec780000)
  to   space 19968K, 0% used [0x00000000ecb80000,0x00000000ecb80000,0x00000000edf00000)
 ParOldGen       total 102912K, used 56585K [0x00000000a0000000, 0x00000000a6480000, 0x00000000e0000000)
  object space 102912K, 54% used [0x00000000a0000000,0x00000000a3742528,0x00000000a6480000)
 Metaspace       used 83157K, capacity 86840K, committed 87040K, reserved 1124352K
  class space    used 10748K, capacity 11649K, committed 11776K, reserved 1048576K
Event: 308.891 GC heap after
Heap after GC invocations=27 (full 3):
 PSYoungGen      total 200192K, used 19952K [0x00000000e0000000, 0x00000000edf00000, 0x0000000100000000)
  eden space 180224K, 0% used [0x00000000e0000000,0x00000000e0000000,0x00000000eb000000)
  from space 19968K, 99% used [0x00000000ecb80000,0x00000000edefc268,0x00000000edf00000)
  to   space 24064K, 0% used [0x00000000eb000000,0x00000000eb000000,0x00000000ec780000)
 ParOldGen       total 102912K, used 62032K [0x00000000a0000000, 0x00000000a6480000, 0x00000000e0000000)
  object space 102912K, 60% used [0x00000000a0000000,0x00000000a3c941b8,0x00000000a6480000)
 Metaspace       used 83157K, capacity 86840K, committed 87040K, reserved 1124352K
  class space    used 10748K, capacity 11649K, committed 11776K, reserved 1048576K
}
Event: 308.912 GC heap before
{Heap before GC invocations=28 (full 3):
 PSYoungGen      total 200192K, used 20909K [0x00000000e0000000, 0x00000000edf00000, 0x0000000100000000)
  eden space 180224K, 0% used [0x00000000e0000000,0x00000000e00ef568,0x00000000eb000000)
  from space 19968K, 99% used [0x00000000ecb80000,0x00000000edefc268,0x00000000edf00000)
  to   space 24064K, 0% used [0x00000000eb000000,0x00000000eb000000,0x00000000ec780000)
 ParOldGen       total 102912K, used 62032K [0x00000000a0000000, 0x00000000a6480000, 0x00000000e0000000)
  object space 102912K, 60% used [0x00000000a0000000,0x00000000a3c941b8,0x00000000a6480000)
 Metaspace       used 83167K, capacity 86840K, committed 87040K, reserved 1124352K
  class space    used 10748K, capacity 11649K, committed 11776K, reserved 1048576K
Event: 308.948 GC heap after
Heap after GC invocations=28 (full 3):
 PSYoungGen      total 204288K, used 16704K [0x00000000e0000000, 0x00000000edf00000, 0x0000000100000000)
  eden space 180224K, 0% used [0x00000000e0000000,0x00000000e0000000,0x00000000eb000000)
  from space 24064K, 69% used [0x00000000eb000000,0x00000000ec050268,0x00000000ec780000)
  to   space 19968K, 0% used [0x00000000ecb80000,0x00000000ecb80000,0x00000000edf00000)
 ParOldGen       total 102912K, used 65100K [0x00000000a0000000, 0x00000000a6480000, 0x00000000e0000000)
  object space 102912K, 63% used [0x00000000a0000000,0x00000000a3f93048,0x00000000a6480000)
 Metaspace       used 83167K, capacity 86840K, committed 87040K, reserved 1124352K
  class space    used 10748K, capacity 11649K, committed 11776K, reserved 1048576K
}

Deoptimization events (10 events):
Event: 307.833 Thread 0x000000001c729000 Uncommon trap: reason=unstable_if action=reinterpret pc=0x000000000487481c method=java.io.BufferedInputStream.read([BII)I @ 61
Event: 308.475 Thread 0x000000001c729000 Uncommon trap: reason=class_check action=maybe_recompile pc=0x0000000004f57094 method=com.android.dx.ssa.NormalSsaInsn.accept(Lcom/android/dx/ssa/SsaInsn$Visitor;)V @ 9
Event: 308.764 Thread 0x000000001c722800 Uncommon trap: reason=class_check action=maybe_recompile pc=0x0000000004f57094 method=com.android.dx.ssa.NormalSsaInsn.accept(Lcom/android/dx/ssa/SsaInsn$Visitor;)V @ 9
Event: 308.764 Thread 0x000000001c722800 Uncommon trap: reason=class_check action=maybe_recompile pc=0x0000000004f20ff0 method=com.android.dx.ssa.NormalSsaInsn.accept(Lcom/android/dx/ssa/SsaInsn$Visitor;)V @ 9
Event: 308.764 Thread 0x000000001c722800 Uncommon trap: reason=class_check action=maybe_recompile pc=0x0000000004f20ff0 method=com.android.dx.ssa.NormalSsaInsn.accept(Lcom/android/dx/ssa/SsaInsn$Visitor;)V @ 9
Event: 308.996 Thread 0x000000001c727000 Uncommon trap: reason=unstable_if action=reinterpret pc=0x0000000005135090 method=com.android.dx.ssa.SCCP.simulateStmt(Lcom/android/dx/ssa/SsaInsn;)V @ 418
Event: 308.997 Thread 0x000000001c727000 Uncommon trap: reason=unstable_if action=reinterpret pc=0x0000000004d7151c method=com.android.dx.ssa.SsaMethod.updateOneDefinition(Lcom/android/dx/ssa/SsaInsn;Lcom/android/dx/rop/code/RegisterSpec;)V @ 4
Event: 309.115 Thread 0x000000001c727800 Uncommon trap: reason=unstable_if action=reinterpret pc=0x00000000035bb000 method=com.android.dx.ssa.SsaRenamer$BlockRenamer.addMapping(ILcom/android/dx/rop/code/RegisterSpec;)V @ 120
Event: 309.161 Thread 0x000000001c729000 Uncommon trap: reason=unstable_if action=reinterpret pc=0x0000000004d647e8 method=com.android.dx.rop.code.RegisterSpec.equals(ILcom/android/dx/rop/type/TypeBearer;Lcom/android/dx/rop/code/LocalItem;)Z @ 42
Event: 309.161 Thread 0x000000001c729000 Uncommon trap: reason=unstable_if action=reinterpret pc=0x0000000004f6e2d0 method=com.android.dx.rop.code.RegisterSpec.equals(ILcom/android/dx/rop/type/TypeBearer;Lcom/android/dx/rop/code/LocalItem;)Z @ 42

Classes redefined (0 events):
No events

Internal exceptions (10 events):
Event: 307.601 Thread 0x000000001c727000 Exception <a 'java/lang/NoSuchMethodError': java.lang.Object.lambda$and$0(Ljava/util/function/Predicate;Ljava/lang/Object;)Z> (0x00000000e8683ae8) thrown at [D:\src\AOSP-openjdk-cygwin\jdk8u\hotspot\src\share\vm\interpreter\linkResolver.cpp, line 584]
Event: 307.601 Thread 0x000000001c729000 Exception <a 'java/lang/NoSuchMethodError': java.lang.Object.lambda$and$0(Ljava/util/function/Predicate;Ljava/lang/Object;)Z> (0x00000000e8772ef8) thrown at [D:\src\AOSP-openjdk-cygwin\jdk8u\hotspot\src\share\vm\interpreter\linkResolver.cpp, line 584]
Event: 307.613 Thread 0x000000001bb30800 Exception <a 'sun/nio/fs/WindowsException'> (0x00000000e87fd2b8) thrown at [D:\src\AOSP-openjdk-cygwin\jdk8u\hotspot\src\share\vm\prims\jni.cpp, line 709]
Event: 307.789 Thread 0x000000001c727800 Exception <a 'java/lang/NoSuchMethodError': java.lang.Object.lambda$static$0(Ljava/lang/String;)Z> (0x00000000e9050690) thrown at [D:\src\AOSP-openjdk-cygwin\jdk8u\hotspot\src\share\vm\interpreter\linkResolver.cpp, line 584]
Event: 307.819 Thread 0x000000001c727000 Exception <a 'sun/nio/fs/WindowsException'> (0x00000000e927ba88) thrown at [D:\src\AOSP-openjdk-cygwin\jdk8u\hotspot\src\share\vm\prims\jni.cpp, line 709]
Event: 307.828 Thread 0x000000001c729000 Exception <a 'sun/nio/fs/WindowsException'> (0x00000000e9176af8) thrown at [D:\src\AOSP-openjdk-cygwin\jdk8u\hotspot\src\share\vm\prims\jni.cpp, line 709]
Event: 307.828 Thread 0x000000001c722800 Exception <a 'sun/nio/fs/WindowsException'> (0x00000000e9030390) thrown at [D:\src\AOSP-openjdk-cygwin\jdk8u\hotspot\src\share\vm\prims\jni.cpp, line 709]
Event: 307.828 Thread 0x000000001c727800 Exception <a 'sun/nio/fs/WindowsException'> (0x00000000e905e4d8) thrown at [D:\src\AOSP-openjdk-cygwin\jdk8u\hotspot\src\share\vm\prims\jni.cpp, line 709]
Event: 307.966 Thread 0x000000001bb30800 Exception <a 'sun/nio/fs/WindowsException'> (0x00000000e96451d0) thrown at [D:\src\AOSP-openjdk-cygwin\jdk8u\hotspot\src\share\vm\prims\jni.cpp, line 709]
Event: 307.976 Thread 0x000000001bb30800 Exception <a 'sun/nio/fs/WindowsException'> (0x00000000e965c770) thrown at [D:\src\AOSP-openjdk-cygwin\jdk8u\hotspot\src\share\vm\prims\jni.cpp, line 709]

Events (10 events):
Event: 309.115 Thread 0x000000001c727800 DEOPT PACKING pc=0x00000000035bb000 sp=0x00000000296ce2e0
Event: 309.115 Thread 0x000000001c727800 DEOPT UNPACKING pc=0x000000000277556a sp=0x00000000296ce270 mode 2
Event: 309.161 Thread 0x000000001c729000 Uncommon trap: trap_request=0xffffff65 fr.pc=0x0000000004d647e8
Event: 309.161 Thread 0x000000001c729000 DEOPT PACKING pc=0x0000000004d647e8 sp=0x00000000295ce410
Event: 309.161 Thread 0x000000001c729000 DEOPT UNPACKING pc=0x000000000277556a sp=0x00000000295ce330 mode 2
Event: 309.161 Thread 0x000000001c729000 Uncommon trap: trap_request=0xffffff65 fr.pc=0x0000000004f6e2d0
Event: 309.161 Thread 0x000000001c729000 DEOPT PACKING pc=0x0000000004f6e2d0 sp=0x00000000295ce370
Event: 309.161 Thread 0x000000001c729000 DEOPT UNPACKING pc=0x000000000277556a sp=0x00000000295ce318 mode 2
Event: 309.205 loading class com/android/dx/rop/code/RegOps
Event: 309.205 loading class com/android/dx/rop/code/RegOps done


Dynamic libraries:
0x00007ff7b5ea0000 - 0x00007ff7b5ed1000 	C:\Program Files\Android\Android Studio\jre\bin\java.exe
0x00007ff886a80000 - 0x00007ff886c41000 	C:\WINDOWS\SYSTEM32\ntdll.dll
0x00007ff8869d0000 - 0x00007ff886a7d000 	C:\WINDOWS\system32\KERNEL32.DLL
0x00007ff8831e0000 - 0x00007ff8833c8000 	C:\WINDOWS\system32\KERNELBASE.dll
0x00007ff885af0000 - 0x00007ff885b97000 	C:\WINDOWS\system32\ADVAPI32.dll
0x00007ff8853e0000 - 0x00007ff88547d000 	C:\WINDOWS\system32\msvcrt.dll
0x00007ff885540000 - 0x00007ff88559b000 	C:\WINDOWS\system32\sechost.dll
0x00007ff885ba0000 - 0x00007ff885cbd000 	C:\WINDOWS\system32\RPCRT4.dll
0x00007ff8867a0000 - 0x00007ff8868f6000 	C:\WINDOWS\system32\USER32.dll
0x00007ff8865a0000 - 0x00007ff886727000 	C:\WINDOWS\system32\GDI32.dll
0x00007ff874930000 - 0x00007ff874ba4000 	C:\WINDOWS\WinSxS\amd64_microsoft.windows.common-controls_6595b64144ccf1df_6.0.10586.839_none_a2ddba30a539a2ae\COMCTL32.dll
0x00007ff885cc0000 - 0x00007ff885f3e000 	C:\WINDOWS\system32\combase.dll
0x00007ff883490000 - 0x00007ff8834fa000 	C:\WINDOWS\system32\bcryptPrimitives.dll
0x00007ff8863b0000 - 0x00007ff8863eb000 	C:\WINDOWS\system32\IMM32.DLL
0x000000006d760000 - 0x000000006d832000 	C:\Program Files\Android\Android Studio\jre\jre\bin\msvcr100.dll
0x0000000071670000 - 0x0000000071eae000 	C:\Program Files\Android\Android Studio\jre\jre\bin\server\jvm.dll
0x00007ff885480000 - 0x00007ff885488000 	C:\WINDOWS\system32\PSAPI.DLL
0x00007ff881910000 - 0x00007ff881933000 	C:\WINDOWS\SYSTEM32\WINMM.dll
0x00007ff87f950000 - 0x00007ff87f959000 	C:\WINDOWS\SYSTEM32\WSOCK32.dll
0x00007ff876340000 - 0x00007ff87634a000 	C:\WINDOWS\SYSTEM32\VERSION.dll
0x00007ff885fa0000 - 0x00007ff88600b000 	C:\WINDOWS\system32\WS2_32.dll
0x0000000000950000 - 0x000000000097c000 	C:\WINDOWS\SYSTEM32\WINMMBASE.dll
0x00007ff883b50000 - 0x00007ff883b93000 	C:\WINDOWS\system32\cfgmgr32.dll
0x00007ff87a7f0000 - 0x00007ff87a7ff000 	C:\Program Files\Android\Android Studio\jre\jre\bin\verify.dll
0x00007ff8756b0000 - 0x00007ff8756d9000 	C:\Program Files\Android\Android Studio\jre\jre\bin\java.dll
0x00007ff875650000 - 0x00007ff875666000 	C:\Program Files\Android\Android Studio\jre\jre\bin\zip.dll
0x00007ff883e80000 - 0x00007ff8853dc000 	C:\WINDOWS\system32\SHELL32.dll
0x00007ff883500000 - 0x00007ff883b45000 	C:\WINDOWS\system32\windows.storage.dll
0x00007ff8863f0000 - 0x00007ff886442000 	C:\WINDOWS\system32\shlwapi.dll
0x00007ff8830a0000 - 0x00007ff8830af000 	C:\WINDOWS\system32\kernel.appcore.dll
0x00007ff8833d0000 - 0x00007ff883485000 	C:\WINDOWS\system32\shcore.dll
0x00007ff8830b0000 - 0x00007ff8830fb000 	C:\WINDOWS\system32\powrprof.dll
0x00007ff883100000 - 0x00007ff883114000 	C:\WINDOWS\system32\profapi.dll
0x00007ff874fe0000 - 0x00007ff874ffa000 	C:\Program Files\Android\Android Studio\jre\jre\bin\net.dll
0x00007ff882970000 - 0x00007ff8829cc000 	C:\WINDOWS\system32\mswsock.dll
0x00007ff874fc0000 - 0x00007ff874fd1000 	C:\Program Files\Android\Android Studio\jre\jre\bin\nio.dll
0x00007ff873c10000 - 0x00007ff873c2e000 	C:\Users\zeesh\.gradle\native\25\windows-amd64\native-platform.dll
0x00007ff87a780000 - 0x00007ff87a78d000 	C:\Program Files\Android\Android Studio\jre\jre\bin\management.dll
0x00007ff882a20000 - 0x00007ff882a37000 	C:\WINDOWS\SYSTEM32\CRYPTSP.dll
0x00007ff8826b0000 - 0x00007ff8826e4000 	C:\WINDOWS\system32\rsaenh.dll
0x00007ff882fd0000 - 0x00007ff882ff9000 	C:\WINDOWS\SYSTEM32\bcrypt.dll
0x00007ff882800000 - 0x00007ff88281f000 	C:\WINDOWS\SYSTEM32\USERENV.dll
0x00007ff882b40000 - 0x00007ff882b4b000 	C:\WINDOWS\SYSTEM32\CRYPTBASE.dll
0x00007ff87ff20000 - 0x00007ff87ff58000 	C:\WINDOWS\SYSTEM32\IPHLPAPI.DLL
0x00007ff886730000 - 0x00007ff886738000 	C:\WINDOWS\system32\NSI.dll
0x00007ff87a220000 - 0x00007ff87a236000 	C:\WINDOWS\SYSTEM32\dhcpcsvc6.DLL
0x00007ff87a200000 - 0x00007ff87a21a000 	C:\WINDOWS\SYSTEM32\dhcpcsvc.DLL
0x00007ff85d5e0000 - 0x00007ff85d775000 	C:\Program Files\Android\Android Studio\jre\jre\bin\awt.dll
0x00007ff886900000 - 0x00007ff8869c6000 	C:\WINDOWS\system32\OLEAUT32.dll
0x00007ff87aa90000 - 0x00007ff87afd5000 	C:\WINDOWS\SYSTEM32\d2d1.dll
0x00007ff881860000 - 0x00007ff8818d9000 	C:\WINDOWS\system32\apphelp.dll
0x00007ff880bf0000 - 0x00007ff880c12000 	C:\WINDOWS\system32\DWMAPI.DLL
0x00007ff881ae0000 - 0x00007ff881b76000 	C:\WINDOWS\system32\uxtheme.dll
0x00007ff87a760000 - 0x00007ff87a77e000 	C:\Users\zeesh\AppData\Local\Temp\native-platform7838289169706408420dir\native-platform.dll
0x00007ff881f80000 - 0x00007ff881fb1000 	C:\WINDOWS\SYSTEM32\ntmarta.dll
0x00007ff871bf0000 - 0x00007ff871c8c000 	C:\WINDOWS\SYSTEM32\efswrt.dll
0x00007ff87f470000 - 0x00007ff87f5a6000 	C:\WINDOWS\SYSTEM32\wintypes.dll
0x00007ff871ba0000 - 0x00007ff871bf0000 	C:\WINDOWS\SYSTEM32\edputil.dll

VM Arguments:
jvm_args: -Xmx1536m -Dfile.encoding=windows-1252 -Duser.country=US -Duser.language=en -Duser.variant 
java_command: org.gradle.launcher.daemon.bootstrap.GradleDaemon 4.1
java_class_path (initial): C:\Users\zeesh\.gradle\wrapper\dists\gradle-4.1-all\bzyivzo6n839fup2jbap0tjew\gradle-4.1\lib\gradle-launcher-4.1.jar
Launcher Type: SUN_STANDARD

Environment Variables:
PATH=D:\_programFiles\oraclexe\app\oracle\product\11.2.0\server\bin;C:\Program Files (x86)\Intel\iCLS Client\;C:\Program Files\Intel\iCLS Client\;C:\WINDOWS\system32;C:\WINDOWS;C:\WINDOWS\System32\Wbem;C:\WINDOWS\System32\WindowsPowerShell\v1.0\;C:\Program Files (x86)\Intel\Intel(R) Management Engine Components\DAL;C:\Program Files\Intel\Intel(R) Management Engine Components\DAL;C:\Program Files (x86)\Intel\Intel(R) Management Engine Components\IPT;C:\Program Files\Intel\Intel(R) Management Engine Components\IPT;C:\Program Files\Android\Android Studio1\jre\bin;D:\_programFiles\Git\cmd;D:\_programFiles\Android\Android Studio\jre\bin;C:\Program Files (x86)\OpenVPN\bin;C:\Program Files\Android\Android Studio\jre\bin;D:\_programFiles\Flex Windows\gcc\bin;D:\_programFiles\Flex Windows\Lex\bin;D:\_programFiles\Flex Windows\bison\bin
USERNAME=zeesh
OS=Windows_NT
PROCESSOR_IDENTIFIER=Intel64 Family 6 Model 61 Stepping 4, GenuineIntel



---------------  S Y S T E M  ---------------

OS: Windows 10.0 , 64 bit Build 10586 (10.0.10586.589)

CPU:total 4 (initial active 4) (2 cores per cpu, 2 threads per core) family 6 model 61 stepping 4, cmov, cx8, fxsr, mmx, sse, sse2, sse3, ssse3, sse4.1, sse4.2, popcnt, avx, avx2, aes, clmul, erms, 3dnowpref, lzcnt, ht, tsc, tscinvbit, bmi1, bmi2, adx

Memory: 4k page, physical 4107804k(554872k free), swap 6404092k(3676k free)

vm_info: OpenJDK 64-Bit Server VM (25.152-b01) for windows-amd64 JRE (1.8.0_152-release-915-b01), built by "builder" with MS VC++ 10.0 (VS2010)

time: Tue Apr 16 01:51:43 2019
elapsed time: 309 seconds (0d 0h 5m 9s)

